[INFO ] 2022-11-22 12:34:27.405 [main] Logging1 - Click successful
[ERROR] 2022-11-22 12:34:27.411 [main] Logging1 - Db connection failed
[DEBUG] 2022-11-22 12:34:27.411 [main] Logging1 - This is Debug
[FATAL] 2022-11-22 12:34:27.412 [main] Logging1 - This is fatal
[INFO ] 2022-11-22 12:34:27.412 [main] Logging1 - Click successful
[ERROR] 2022-11-22 12:34:27.412 [main] Logging1 - Db connection failed
[DEBUG] 2022-11-22 12:34:27.412 [main] Logging1 - This is Debug
[FATAL] 2022-11-22 12:34:27.413 [main] Logging1 - This is fatal
[INFO ] 2022-11-22 12:43:12.539 [main] Logging1 - Click successful
[ERROR] 2022-11-22 12:43:12.546 [main] Logging1 - Db connection failed
[DEBUG] 2022-11-22 12:43:12.546 [main] Logging1 - This is Debug
[FATAL] 2022-11-22 12:43:12.547 [main] Logging1 - This is fatal
[INFO ] 2022-11-22 12:44:41.910 [main] Logging1 - Click successful
[ERROR] 2022-11-22 12:44:41.921 [main] Logging1 - Db connection failed
[DEBUG] 2022-11-22 12:44:41.922 [main] Logging1 - This is Debug
[FATAL] 2022-11-22 12:44:41.923 [main] Logging1 - This is fatal
[INFO ] 2022-11-22 12:45:15.035 [main] Logging1 - Click successful
[ERROR] 2022-11-22 12:45:15.040 [main] Logging1 - Db connection failed
[DEBUG] 2022-11-22 12:45:15.041 [main] Logging1 - This is Debug
[FATAL] 2022-11-22 12:45:15.041 [main] Logging1 - This is fatal
[INFO ] 2022-11-22 12:46:52.154 [main] Logging1 - Click successful
[ERROR] 2022-11-22 12:46:52.165 [main] Logging1 - Db connection failed
[DEBUG] 2022-11-22 12:46:52.166 [main] Logging1 - This is Debug
[FATAL] 2022-11-22 12:46:52.167 [main] Logging1 - This is fatal
[INFO ] 2022-11-22 12:47:50.676 [main] Logging1 - Click successful
[ERROR] 2022-11-22 12:47:50.682 [main] Logging1 - Db connection failed
[DEBUG] 2022-11-22 12:47:50.683 [main] Logging1 - This is Debug
[FATAL] 2022-11-22 12:47:50.683 [main] Logging1 - This is fatal
[INFO ] 2022-11-22 13:37:53.063 [main] Logging1 - Click successful
[ERROR] 2022-11-22 13:37:53.145 [main] Logging1 - Db connection failed
[DEBUG] 2022-11-22 13:37:53.147 [main] Logging1 - This is Debug
[FATAL] 2022-11-22 13:37:53.148 [main] Logging1 - This is fatal
[INFO ] 2022-11-22 13:38:59.194 [main] Logging1 - Click successful
[ERROR] 2022-11-22 13:38:59.200 [main] Logging1 - Db connection failed
[DEBUG] 2022-11-22 13:38:59.201 [main] Logging1 - This is Debug
[FATAL] 2022-11-22 13:38:59.201 [main] Logging1 - This is fatal
[INFO ] 2022-11-22 13:48:58 [main] Logging1 - Click successful
[ERROR] 2022-11-22 13:48:58 [main] Logging1 - Db connection failed
[DEBUG] 2022-11-22 13:48:58 [main] Logging1 - This is Debug
[FATAL] 2022-11-22 13:48:58 [main] Logging1 - This is fatal
[INFO ] 2022-11-22 13:49:29 [main] Logging1 - Click successful
[ERROR] 2022-11-22 13:49:29 [main] Logging1 - Db connection failed
[DEBUG] 2022-11-22 13:49:29 [main] Logging1 - This is Debug
[FATAL] 2022-11-22 13:49:29 [main] Logging1 - This is fatal
[INFO ] 2022-11-22 13:50:39 [main] Logging1 - Click successful
[ERROR] 2022-11-22 13:50:39 [main] Logging1 - Db connection failed
[DEBUG] 2022-11-22 13:50:39 [main] Logging1 - This is Debug
[FATAL] 2022-11-22 13:50:39 [main] Logging1 - This is fatal
[INFO ] 2022-11-22 14:45:31 [main] Logging1 - Click successful
[ERROR] 2022-11-22 14:45:31 [main] Logging1 - Db connection failed
[DEBUG] 2022-11-22 14:45:31 [main] Logging1 - This is Debug
[FATAL] 2022-11-22 14:45:31 [main] Logging1 - This is fatal
[INFO ] 2022-11-22 14:46:21 [main] Logging1 - Click successful
[ERROR] 2022-11-22 14:46:21 [main] Logging1 - Db connection failed
[FATAL] 2022-11-22 14:46:21 [main] Logging1 - This is fatal
[FATAL] 2022-11-22 14:46:46 [main] Logging1 - This is fatal
[FATAL] 2022-11-22 16:07:26 [main] Logging1 - This is fatal
[FATAL] 2022-11-22 16:08:48 [main] Logging1 - This is fatal
[FATAL] 2022-11-22 16:09:34 [main] Logging1 - This is fatal
[FATAL] 2022-11-22 16:10:27 [main] Logging1 - This is fatal
[FATAL] 2022-11-22 16:11:05 [main] Logging1 - This is fatal
[FATAL] 2022-11-22 16:11:37 [main] Logging1 - This is fatal
[FATAL] 2022-11-22 16:12:36 [main] Logging1 - This is fatal
[INFO ] 2022-11-22 16:13:01 [main] Logging1 - Click successful
[ERROR] 2022-11-22 16:13:01 [main] Logging1 - Db connection failed
[FATAL] 2022-11-22 16:13:01 [main] Logging1 - This is fatal
[INFO ] 2022-11-22 16:13:27 [main] Logging1 - Click successful
[ERROR] 2022-11-22 16:13:27 [main] Logging1 - Db connection failed
[DEBUG] 2022-11-22 16:13:27 [main] Logging1 - This is Debug
[FATAL] 2022-11-22 16:13:27 [main] Logging1 - This is fatal
[ERROR] 2022-11-22 16:13:50 [main] Logging1 - Db connection failed
[FATAL] 2022-11-22 16:13:50 [main] Logging1 - This is fatal
[ERROR] 2022-11-22 16:15:01 [main] Logging1 - Db connection failed
[FATAL] 2022-11-22 16:15:01 [main] Logging1 - This is fatal
[ERROR] 2022-11-22 16:17:29 [main] Logging1 - Db connection failed
[FATAL] 2022-11-22 16:17:29 [main] Logging1 - This is fatal
[ERROR] 2022-11-22 16:17:51 [main] Logging1 - Db connection failed
[FATAL] 2022-11-22 16:17:51 [main] Logging1 - This is fatal
[ERROR] 2022-11-22 16:19:03 [main] Logging1 - Db connection failed
[FATAL] 2022-11-22 16:19:03 [main] Logging1 - This is fatal
[ERROR] 2022-11-22 16:31:30 [main] Logging1 - Db connection failed
[FATAL] 2022-11-22 16:31:30 [main] Logging1 - This is fatal
[ERROR] 2022-11-22 16:32:24 [main] Logging1 - Db connection failed
[FATAL] 2022-11-22 16:32:24 [main] Logging1 - This is fatal
[ERROR] 2022-11-22 16:32:58 [main] Logging1 - Db connection failed
[FATAL] 2022-11-22 16:32:58 [main] Logging1 - This is fatal
[ERROR] 2022-11-22 16:34:18 [main] Logging1 - Db connection failed
[FATAL] 2022-11-22 16:34:18 [main] Logging1 - This is fatal
[ERROR] 2022-11-22 16:37:47 [main] Logging1 - Db connection failed
[FATAL] 2022-11-22 16:37:47 [main] Logging1 - This is fatal
[ERROR] 2022-11-22 16:38:10 [main] Logging1 - Db connection failed
[FATAL] 2022-11-22 16:38:10 [main] Logging1 - This is fatal
[ERROR] 2022-11-22 16:38:46 [main] Logging1 - Db connection failed
[FATAL] 2022-11-22 16:38:46 [main] Logging1 - This is fatal
[ERROR] 2022-11-22 16:39:13 [main] Logging1 - Db connection failed
[FATAL] 2022-11-22 16:39:13 [main] Logging1 - This is fatal
[ERROR] 2022-11-22 16:40:10 [main] Logging1 - Db connection failed
[ERROR] 2022-11-22 16:41:31 [main] Logging1 - Db connection failed
[FATAL] 2022-11-22 16:41:31 [main] Logging1 - This is fatal
[ERROR] 2022-11-23 16:00:18 [main] Logging1 - Db connection failed
[FATAL] 2022-11-23 16:00:18 [main] Logging1 - This is fatal
[INFO ] 2022-11-23 16:01:53 [main] Logging1 - Click successful
[ERROR] 2022-11-23 16:01:53 [main] Logging1 - Db connection failed
[DEBUG] 2022-11-23 16:01:53 [main] Logging1 - This is Debug
[FATAL] 2022-11-23 16:01:53 [main] Logging1 - This is fatal
[TRACE] 2022-11-23 16:01:53 [main] Logging1 - This is trace
[FATAL] 2022-11-23 16:31:51 [main] Logging1 - This is fatal
